<?xml version="1.0" encoding="UTF-8"?>
<!-- Generated by org.testng.reporters.JUnitReportReporter -->
<testsuite skipped="0" hostname="T1000" name="tests.searchapartment.SearchApartmentTest" tests="1" failures="0" timestamp="05 янв 2022 11:52:23 GMT" time="7.352" errors="0">
  <testcase name="checkIsRedirectToListing" time="7.352" classname="tests.searchapartment.SearchApartmentTest"/>
</testsuite> <!-- tests.searchapartment.SearchApartmentTest -->
