<?xml version="1.0" encoding="UTF-8"?>
<!-- Generated by org.testng.reporters.JUnitReportReporter -->
<testsuite skipped="0" hostname="T1000" name="tests.searchamartment.SearchApartmentTest" tests="1" failures="0" timestamp="2021-12-26T14:58:03 MSK" time="18.992" errors="0">
  <testcase name="checkIsRedirectToListing" time="18.992" classname="tests.searchamartment.SearchApartmentTest"/>
  <system-out/>
</testsuite> <!-- tests.searchamartment.SearchApartmentTest -->
