<?xml version="1.0" encoding="UTF-8"?>
<!-- Generated by org.testng.reporters.JUnitReportReporter -->
<testsuite skipped="0" hostname="T1000" name="tests.searchapartment.SearchApartmentTest" tests="1" failures="0" timestamp="07 янв 2022 15:57:53 GMT" time="7.011" errors="0">
  <testcase name="checkIsRedirectToListing" time="7.011" classname="tests.searchapartment.SearchApartmentTest"/>
</testsuite> <!-- tests.searchapartment.SearchApartmentTest -->
